<?xml version="1.0" encoding="utf-8"?><testsuites><testsuite name="pytest" errors="0" failures="1" skipped="0" tests="10" time="2.003" timestamp="2021-11-23T11:42:19.503121" hostname="pop-os"><testcase classname="test_submit" name="test_q1" time="0.001" /><testcase classname="test_submit" name="test_q2" time="0.066" /><testcase classname="test_submit" name="test_q3" time="0.122" /><testcase classname="test_submit" name="test_q4" time="0.001" /><testcase classname="test_submit" name="test_q5" time="0.295" /><testcase classname="test_submit" name="test_q6" time="0.151" /><testcase classname="test_submit" name="test_q7" time="0.005" /><testcase classname="test_submit" name="test_q8" time="0.288" /><testcase classname="test_submit" name="test_q9" time="0.336" /><testcase classname="test_submit" name="test_q10" time="0.001"><failure message="assert False">E   assert False</failure></testcase></testsuite></testsuites>